<?xml version="1.0" encoding="UTF-8"?>
<testng-results skipped="0" failed="0" total="1" passed="1">
  <reporter-output>
  </reporter-output>
  <suite name="Suite" duration-ms="34538" started-at="2020-07-16T15:31:31Z" finished-at="2020-07-16T15:32:05Z">
    <groups>
    </groups>
    <test name="Test" duration-ms="34538" started-at="2020-07-16T15:31:31Z" finished-at="2020-07-16T15:32:05Z">
      <class name="testCases.CreateAccount">
        <test-method status="PASS" signature="initialize()[pri:0, instance:testCases.CreateAccount@2ddc8ecb]" name="initialize" is-config="true" duration-ms="17879" started-at="2020-07-16T21:01:31Z" finished-at="2020-07-16T21:01:49Z">
          <reporter-output>
          </reporter-output>
        </test-method> <!-- initialize -->
        <test-method status="PASS" signature="addProductToCart()[pri:0, instance:testCases.CreateAccount@2ddc8ecb]" name="addProductToCart" duration-ms="15971" started-at="2020-07-16T21:01:49Z" finished-at="2020-07-16T21:02:05Z">
          <reporter-output>
          </reporter-output>
        </test-method> <!-- addProductToCart -->
        <test-method status="PASS" signature="tearDown()[pri:0, instance:testCases.CreateAccount@2ddc8ecb]" name="tearDown" is-config="true" duration-ms="632" started-at="2020-07-16T21:02:05Z" finished-at="2020-07-16T21:02:05Z">
          <reporter-output>
          </reporter-output>
        </test-method> <!-- tearDown -->
      </class> <!-- testCases.CreateAccount -->
    </test> <!-- Test -->
  </suite> <!-- Suite -->
</testng-results>
